<?xml version="1.0" encoding="UTF-8"?>
<testsuite xmlns:xsi="http://www.w3.org/2001/XMLSchema-instance" xsi:schemaLocation="https://maven.apache.org/surefire/maven-surefire-plugin/xsd/surefire-test-report.xsd" name="com.napier.devops.AppIntegrationTest" time="31.088" tests="2" errors="0" skipped="0" failures="0">
  <properties>
[...]
</properties>
  <testcase name="testGetDepartment" classname="com.napier.devops.AppIntegrationTest" time="0.173"/>
  <testcase name="testGetEmployee" classname="com.napier.devops.AppIntegrationTest" time="0.014"/>
</testsuite>