<?xml version="1.0" encoding="UTF-8"?>
<testsuite xmlns:xsi="http://www.w3.org/2001/XMLSchema-instance" xsi:schemaLocation="https://maven.apache.org/surefire/maven-surefire-plugin/xsd/surefire-test-report.xsd" name="com.napier.devops.AppTest" time="0.022" tests="6" errors="0" skipped="0" failures="0">
  <properties>
[...]
</properties>
  <testcase name="printSalariesTestContainsNull" classname="com.napier.devops.AppTest" time="0.007"/>
  <testcase name="displayEmployee" classname="com.napier.devops.AppTest" time="0.01"/>
  <testcase name="printSalariesTestEmpty" classname="com.napier.devops.AppTest" time="0.001"/>
  <testcase name="printSalariesTestNull" classname="com.napier.devops.AppTest" time="0.001"/>
  <testcase name="displayEmployeeTestNull" classname="com.napier.devops.AppTest" time="0"/>
  <testcase name="printSalaries" classname="com.napier.devops.AppTest" time="0"/>
</testsuite>